{"obj": {"type": "AssignString", "path": ["sys", "name"], "value": "Untitled"}, "version": 1, "at": 1735503726.5647418}
{"obj": {"type": "AssignString", "path": ["sys", "description"], "value": ""}, "version": 2, "at": 1735503726.564936}
{"obj": {"type": "AssignString", "path": ["monitoring", "0642a341", "hostname"], "value": "Admins-MacBook-Pro.local"}, "version": 3, "at": 1735503726.5650299}
{"obj": {"type": "AssignString", "path": ["sys", "hostname"], "value": "Admins-MacBook-Pro.local"}, "version": 4, "at": 1735503726.5651}
{"obj": {"type": "AssignString", "path": ["monitoring", "0642a341", "pid"], "value": "22408"}, "version": 5, "at": 1735503726.565171}
{"obj": {"type": "AssignString", "path": ["monitoring", "0642a341", "tid"], "value": "4624203200"}, "version": 6, "at": 1735503726.5652401}
{"obj": {"type": "AssignBool", "path": ["sys", "failed"], "value": false}, "version": 7, "at": 1735503726.5653288}
{"obj": {"type": "ClearStringLog", "path": ["monitoring", "0642a341", "stdout"]}, "version": 8, "at": 1735503726.565435}
{"obj": {"type": "ClearStringLog", "path": ["monitoring", "0642a341", "stderr"]}, "version": 9, "at": 1735503726.565495}
{"obj": {"type": "AssignString", "path": ["source_code", "entrypoint"], "value": "train.py"}, "version": 10, "at": 1735503726.565985}
{"obj": {"type": "UploadFileSet", "path": ["source_code", "files"], "file_globs": ["/Users/erwan/Workspace/WSS-UIC/train_vgg_resnet/train.py"], "reset": "False"}, "version": 11, "at": 1735503726.5660748}
{"obj": {"type": "UploadFile", "path": ["source_code", "diff"], "ext": "patch", "file_path": null, "tmp_file_name": "source_code_diff-1735503726.740074-2024-12-29_21.22.06.740074.patch", "clean_after_upload": false}, "version": 12, "at": 1735503726.7404559}
{"obj": {"type": "LogStrings", "path": ["monitoring", "0642a341", "stderr"], "values": [{"value": "[neptune] [warning] /Users/erwan/Workspace/WSS-UIC/train_vgg_resnet/train.py:46: NeptuneWarning: Info (NVML): NVML Shared Library Not Found. GPU usage metrics may not be reported. For more information, see https://docs.neptune.ai/help/nvml_error/\n", "step": null, "ts": 1735503726.744159}]}, "version": 13, "at": 1735503726.744234}
{"obj": {"type": "ConfigFloatSeries", "path": ["monitoring", "0642a341", "cpu"], "min": 0.0, "max": 100.0, "unit": "%"}, "version": 14, "at": 1735503726.7445812}
{"obj": {"type": "ClearFloatLog", "path": ["monitoring", "0642a341", "cpu"]}, "version": 15, "at": 1735503726.744632}
{"obj": {"type": "ConfigFloatSeries", "path": ["monitoring", "0642a341", "memory"], "min": 0.0, "max": 16.0, "unit": "GB"}, "version": 16, "at": 1735503726.744716}
{"obj": {"type": "ClearFloatLog", "path": ["monitoring", "0642a341", "memory"]}, "version": 17, "at": 1735503726.74475}
{"obj": {"type": "LogFloats", "path": ["monitoring", "0642a341", "memory"], "values": [{"value": 9.525646209716797, "step": null, "ts": 1735503726.744877}]}, "version": 18, "at": 1735503726.7450502}
{"obj": {"type": "AssignString", "path": ["config", "optimizer"], "value": "Adam"}, "version": 19, "at": 1735503726.745269}
{"obj": {"type": "LogStrings", "path": ["monitoring", "0642a341", "stdout"], "values": [{"value": "ici la ", "step": null, "ts": 1735503726.7456808}]}, "version": 20, "at": 1735503726.745705}
{"obj": {"type": "LogStrings", "path": ["monitoring", "0642a341", "stdout"], "values": [{"value": "\n", "step": null, "ts": 1735503726.7460392}]}, "version": 21, "at": 1735503726.746058}
{"obj": {"type": "LogStrings", "path": ["monitoring", "0642a341", "stderr"], "values": [{"value": "\r  0%|                                                                                                                                                                                 | 0/2 [00:00<?, ?it/s]", "step": null, "ts": 1735503726.7562082}]}, "version": 22, "at": 1735503726.756611}
{"obj": {"type": "LogStrings", "path": ["monitoring", "0642a341", "stderr"], "values": [{"value": "", "step": null, "ts": 1735503735.299618}]}, "version": 23, "at": 1735503735.2998111}
{"obj": {"type": "LogStrings", "path": ["monitoring", "0642a341", "stderr"], "values": [{"value": "\r  0%|                                                                                                                                                                                 | 0/2 [00:08<?, ?it/s]", "step": null, "ts": 1735503735.300537}]}, "version": 24, "at": 1735503735.300565}
{"obj": {"type": "LogStrings", "path": ["monitoring", "0642a341", "traceback"], "values": [{"value": "An uncaught exception occurred while run was active on worker Admins-MacBook-Pro.local.", "step": null, "ts": 1735503735.301328}, {"value": "Marking run as failed", "step": null, "ts": 1735503735.301328}, {"value": "Traceback:", "step": null, "ts": 1735503735.301328}, {"value": "  File \"/Users/erwan/Workspace/WSS-UIC/train_vgg_resnet/train.py\", line 123, in <module>\n    train(\n", "step": null, "ts": 1735503735.301328}, {"value": "  File \"/Users/erwan/Workspace/WSS-UIC/train_vgg_resnet/train.py\", line 62, in train\n    for batch in train_dl:\n", "step": null, "ts": 1735503735.301328}, {"value": "  File \"/Users/erwan/miniconda3/envs/segmentation_env/lib/python3.10/site-packages/torch/utils/data/dataloader.py\", line 631, in __next__\n    data = self._next_data()\n", "step": null, "ts": 1735503735.301328}, {"value": "  File \"/Users/erwan/miniconda3/envs/segmentation_env/lib/python3.10/site-packages/torch/utils/data/dataloader.py\", line 1329, in _next_data\n    idx, data = self._get_data()\n", "step": null, "ts": 1735503735.301328}, {"value": "  File \"/Users/erwan/miniconda3/envs/segmentation_env/lib/python3.10/site-packages/torch/utils/data/dataloader.py\", line 1295, in _get_data\n    success, data = self._try_get_data()\n", "step": null, "ts": 1735503735.301328}, {"value": "  File \"/Users/erwan/miniconda3/envs/segmentation_env/lib/python3.10/site-packages/torch/utils/data/dataloader.py\", line 1146, in _try_get_data\n    raise RuntimeError(f'DataLoader worker (pid(s) {pids_str}) exited unexpectedly') from e\n", "step": null, "ts": 1735503735.301328}, {"value": "DataLoader worker (pid(s) 22421, 22422) exited unexpectedly", "step": null, "ts": 1735503735.301328}]}, "version": 25, "at": 1735503735.301374}
{"obj": {"type": "AssignBool", "path": ["sys", "failed"], "value": true}, "version": 26, "at": 1735503735.301586}
{"obj": {"type": "LogStrings", "path": ["monitoring", "0642a341", "stderr"], "values": [{"value": "\n", "step": null, "ts": 1735503735.301781}]}, "version": 27, "at": 1735503735.301815}
{"obj": {"type": "LogStrings", "path": ["monitoring", "0642a341", "stderr"], "values": [{"value": "Traceback (most recent call last):\n", "step": null, "ts": 1735503735.3021288}]}, "version": 28, "at": 1735503735.302156}
{"obj": {"type": "LogStrings", "path": ["monitoring", "0642a341", "stderr"], "values": [{"value": "  File \"/Users/erwan/miniconda3/envs/segmentation_env/lib/python3.10/site-packages/torch/utils/data/dataloader.py\", line 1133, in _try_get_data\n", "step": null, "ts": 1735503735.30227}]}, "version": 29, "at": 1735503735.302295}
{"obj": {"type": "LogStrings", "path": ["monitoring", "0642a341", "stderr"], "values": [{"value": "    ", "step": null, "ts": 1735503735.302722}]}, "version": 30, "at": 1735503735.3027468}
{"obj": {"type": "LogStrings", "path": ["monitoring", "0642a341", "stderr"], "values": [{"value": "data = self._data_queue.get(timeout=timeout)", "step": null, "ts": 1735503735.302948}]}, "version": 31, "at": 1735503735.302974}
{"obj": {"type": "LogStrings", "path": ["monitoring", "0642a341", "stderr"], "values": [{"value": "\n", "step": null, "ts": 1735503735.30312}]}, "version": 32, "at": 1735503735.303144}
{"obj": {"type": "LogStrings", "path": ["monitoring", "0642a341", "stderr"], "values": [{"value": "  File \"/Users/erwan/miniconda3/envs/segmentation_env/lib/python3.10/multiprocessing/queues.py\", line 113, in get\n", "step": null, "ts": 1735503735.3049011}]}, "version": 33, "at": 1735503735.304932}
{"obj": {"type": "LogStrings", "path": ["monitoring", "0642a341", "stderr"], "values": [{"value": "    ", "step": null, "ts": 1735503735.3052108}]}, "version": 34, "at": 1735503735.305241}
{"obj": {"type": "LogStrings", "path": ["monitoring", "0642a341", "stderr"], "values": [{"value": "if not self._poll(timeout):", "step": null, "ts": 1735503735.305654}]}, "version": 35, "at": 1735503735.305687}
{"obj": {"type": "LogStrings", "path": ["monitoring", "0642a341", "stderr"], "values": [{"value": "\n", "step": null, "ts": 1735503735.305805}]}, "version": 36, "at": 1735503735.305829}
{"obj": {"type": "LogStrings", "path": ["monitoring", "0642a341", "stderr"], "values": [{"value": "  File \"/Users/erwan/miniconda3/envs/segmentation_env/lib/python3.10/multiprocessing/connection.py\", line 262, in poll\n", "step": null, "ts": 1735503735.3059998}]}, "version": 37, "at": 1735503735.3060238}
{"obj": {"type": "LogStrings", "path": ["monitoring", "0642a341", "stderr"], "values": [{"value": "    ", "step": null, "ts": 1735503735.307055}]}, "version": 38, "at": 1735503735.3070982}
{"obj": {"type": "LogStrings", "path": ["monitoring", "0642a341", "stderr"], "values": [{"value": "return self._poll(timeout)", "step": null, "ts": 1735503735.307533}]}, "version": 39, "at": 1735503735.307557}
{"obj": {"type": "LogStrings", "path": ["monitoring", "0642a341", "stderr"], "values": [{"value": "\n", "step": null, "ts": 1735503735.307827}]}, "version": 40, "at": 1735503735.3078551}
{"obj": {"type": "LogStrings", "path": ["monitoring", "0642a341", "stderr"], "values": [{"value": "  File \"/Users/erwan/miniconda3/envs/segmentation_env/lib/python3.10/multiprocessing/connection.py\", line 429, in _poll\n", "step": null, "ts": 1735503735.308038}]}, "version": 41, "at": 1735503735.308063}
{"obj": {"type": "LogStrings", "path": ["monitoring", "0642a341", "stderr"], "values": [{"value": "    ", "step": null, "ts": 1735503735.30817}]}, "version": 42, "at": 1735503735.308193}
{"obj": {"type": "LogStrings", "path": ["monitoring", "0642a341", "stderr"], "values": [{"value": "r = wait([self], timeout)", "step": null, "ts": 1735503735.308293}]}, "version": 43, "at": 1735503735.3083148}
{"obj": {"type": "LogStrings", "path": ["monitoring", "0642a341", "stderr"], "values": [{"value": "\n", "step": null, "ts": 1735503735.308417}]}, "version": 44, "at": 1735503735.308439}
{"obj": {"type": "LogStrings", "path": ["monitoring", "0642a341", "stderr"], "values": [{"value": "  File \"/Users/erwan/miniconda3/envs/segmentation_env/lib/python3.10/multiprocessing/connection.py\", line 936, in wait\n", "step": null, "ts": 1735503735.3085382}]}, "version": 45, "at": 1735503735.3085608}
{"obj": {"type": "LogStrings", "path": ["monitoring", "0642a341", "stderr"], "values": [{"value": "    ", "step": null, "ts": 1735503735.308816}]}, "version": 46, "at": 1735503735.3088472}
{"obj": {"type": "LogStrings", "path": ["monitoring", "0642a341", "stderr"], "values": [{"value": "ready = selector.select(timeout)", "step": null, "ts": 1735503735.3092191}]}, "version": 47, "at": 1735503735.3092391}
{"obj": {"type": "LogStrings", "path": ["monitoring", "0642a341", "stderr"], "values": [{"value": "\n", "step": null, "ts": 1735503735.3095648}]}, "version": 48, "at": 1735503735.309591}
{"obj": {"type": "LogStrings", "path": ["monitoring", "0642a341", "stderr"], "values": [{"value": "  File \"/Users/erwan/miniconda3/envs/segmentation_env/lib/python3.10/selectors.py\", line 416, in select\n", "step": null, "ts": 1735503735.3097332}]}, "version": 49, "at": 1735503735.309761}
{"obj": {"type": "LogStrings", "path": ["monitoring", "0642a341", "stderr"], "values": [{"value": "    ", "step": null, "ts": 1735503735.309877}]}, "version": 50, "at": 1735503735.3099}
{"obj": {"type": "LogStrings", "path": ["monitoring", "0642a341", "stderr"], "values": [{"value": "fd_event_list = self._selector.poll(timeout)", "step": null, "ts": 1735503735.31057}]}, "version": 51, "at": 1735503735.310602}
{"obj": {"type": "LogStrings", "path": ["monitoring", "0642a341", "stderr"], "values": [{"value": "\n", "step": null, "ts": 1735503735.3110049}]}, "version": 52, "at": 1735503735.3110359}
{"obj": {"type": "LogStrings", "path": ["monitoring", "0642a341", "stderr"], "values": [{"value": "  File \"/Users/erwan/miniconda3/envs/segmentation_env/lib/python3.10/site-packages/torch/utils/data/_utils/signal_handling.py\", line 66, in handler\n", "step": null, "ts": 1735503735.31127}]}, "version": 53, "at": 1735503735.3113012}
{"obj": {"type": "LogStrings", "path": ["monitoring", "0642a341", "stderr"], "values": [{"value": "    ", "step": null, "ts": 1735503735.311581}]}, "version": 54, "at": 1735503735.311611}
{"obj": {"type": "LogStrings", "path": ["monitoring", "0642a341", "stderr"], "values": [{"value": "_error_if_any_worker_fails()", "step": null, "ts": 1735503735.311908}]}, "version": 55, "at": 1735503735.311936}
{"obj": {"type": "LogStrings", "path": ["monitoring", "0642a341", "stderr"], "values": [{"value": "\n", "step": null, "ts": 1735503735.312298}]}, "version": 56, "at": 1735503735.312329}
{"obj": {"type": "LogStrings", "path": ["monitoring", "0642a341", "stderr"], "values": [{"value": "RuntimeError", "step": null, "ts": 1735503735.312452}]}, "version": 57, "at": 1735503735.3124769}
{"obj": {"type": "LogStrings", "path": ["monitoring", "0642a341", "stderr"], "values": [{"value": ": ", "step": null, "ts": 1735503735.3126888}]}, "version": 58, "at": 1735503735.312714}
{"obj": {"type": "LogStrings", "path": ["monitoring", "0642a341", "stderr"], "values": [{"value": "DataLoader worker (pid 22421) exited unexpectedly with exit code 1. Details are lost due to multiprocessing. Rerunning with num_workers=0 may give better error trace.", "step": null, "ts": 1735503735.312819}]}, "version": 59, "at": 1735503735.312842}
{"obj": {"type": "LogStrings", "path": ["monitoring", "0642a341", "stderr"], "values": [{"value": "\n", "step": null, "ts": 1735503735.312947}]}, "version": 60, "at": 1735503735.312968}
{"obj": {"type": "LogStrings", "path": ["monitoring", "0642a341", "stderr"], "values": [{"value": "\nThe above exception was the direct cause of the following exception:\n\n", "step": null, "ts": 1735503735.313161}]}, "version": 61, "at": 1735503735.313185}
{"obj": {"type": "LogStrings", "path": ["monitoring", "0642a341", "stderr"], "values": [{"value": "Traceback (most recent call last):\n", "step": null, "ts": 1735503735.313289}]}, "version": 62, "at": 1735503735.3133109}
{"obj": {"type": "LogStrings", "path": ["monitoring", "0642a341", "stderr"], "values": [{"value": "  File \"/Users/erwan/Workspace/WSS-UIC/train_vgg_resnet/train.py\", line 123, in <module>\n", "step": null, "ts": 1735503735.31341}]}, "version": 63, "at": 1735503735.313432}
{"obj": {"type": "LogStrings", "path": ["monitoring", "0642a341", "stderr"], "values": [{"value": "    ", "step": null, "ts": 1735503735.313531}]}, "version": 64, "at": 1735503735.3135538}
{"obj": {"type": "LogStrings", "path": ["monitoring", "0642a341", "stderr"], "values": [{"value": "train(", "step": null, "ts": 1735503735.3136609}]}, "version": 65, "at": 1735503735.3136818}
{"obj": {"type": "LogStrings", "path": ["monitoring", "0642a341", "stderr"], "values": [{"value": "\n", "step": null, "ts": 1735503735.313788}]}, "version": 66, "at": 1735503735.3138099}
{"obj": {"type": "LogStrings", "path": ["monitoring", "0642a341", "stderr"], "values": [{"value": "  File \"/Users/erwan/Workspace/WSS-UIC/train_vgg_resnet/train.py\", line 62, in train\n", "step": null, "ts": 1735503735.313907}]}, "version": 67, "at": 1735503735.313928}
{"obj": {"type": "LogStrings", "path": ["monitoring", "0642a341", "stderr"], "values": [{"value": "    ", "step": null, "ts": 1735503735.314024}]}, "version": 68, "at": 1735503735.314045}
{"obj": {"type": "LogStrings", "path": ["monitoring", "0642a341", "stderr"], "values": [{"value": "for batch in train_dl:", "step": null, "ts": 1735503735.314153}]}, "version": 69, "at": 1735503735.314174}
{"obj": {"type": "LogStrings", "path": ["monitoring", "0642a341", "stderr"], "values": [{"value": "\n", "step": null, "ts": 1735503735.3143392}]}, "version": 70, "at": 1735503735.314361}
{"obj": {"type": "LogStrings", "path": ["monitoring", "0642a341", "stderr"], "values": [{"value": "  File \"/Users/erwan/miniconda3/envs/segmentation_env/lib/python3.10/site-packages/torch/utils/data/dataloader.py\", line 631, in __next__\n", "step": null, "ts": 1735503735.31467}]}, "version": 71, "at": 1735503735.314688}
{"obj": {"type": "LogStrings", "path": ["monitoring", "0642a341", "stderr"], "values": [{"value": "    ", "step": null, "ts": 1735503735.3149009}]}, "version": 72, "at": 1735503735.3149261}
{"obj": {"type": "LogStrings", "path": ["monitoring", "0642a341", "stderr"], "values": [{"value": "data = self._next_data()", "step": null, "ts": 1735503735.31507}]}, "version": 73, "at": 1735503735.315089}
{"obj": {"type": "LogStrings", "path": ["monitoring", "0642a341", "stderr"], "values": [{"value": "\n", "step": null, "ts": 1735503735.315378}]}, "version": 74, "at": 1735503735.315404}
{"obj": {"type": "LogStrings", "path": ["monitoring", "0642a341", "stderr"], "values": [{"value": "  File \"/Users/erwan/miniconda3/envs/segmentation_env/lib/python3.10/site-packages/torch/utils/data/dataloader.py\", line 1329, in _next_data\n", "step": null, "ts": 1735503735.315555}]}, "version": 75, "at": 1735503735.315579}
{"obj": {"type": "LogStrings", "path": ["monitoring", "0642a341", "stderr"], "values": [{"value": "    ", "step": null, "ts": 1735503735.315813}]}, "version": 76, "at": 1735503735.3158321}
{"obj": {"type": "LogStrings", "path": ["monitoring", "0642a341", "stderr"], "values": [{"value": "idx, data = self._get_data()", "step": null, "ts": 1735503735.316009}]}, "version": 77, "at": 1735503735.3160331}
{"obj": {"type": "LogStrings", "path": ["monitoring", "0642a341", "stderr"], "values": [{"value": "\n", "step": null, "ts": 1735503735.3161879}]}, "version": 78, "at": 1735503735.3162072}
{"obj": {"type": "LogStrings", "path": ["monitoring", "0642a341", "stderr"], "values": [{"value": "  File \"/Users/erwan/miniconda3/envs/segmentation_env/lib/python3.10/site-packages/torch/utils/data/dataloader.py\", line 1295, in _get_data\n", "step": null, "ts": 1735503735.3163352}]}, "version": 79, "at": 1735503735.316353}
{"obj": {"type": "LogStrings", "path": ["monitoring", "0642a341", "stderr"], "values": [{"value": "    ", "step": null, "ts": 1735503735.316554}]}, "version": 80, "at": 1735503735.316586}
{"obj": {"type": "LogStrings", "path": ["monitoring", "0642a341", "stderr"], "values": [{"value": "success, data = self._try_get_data()", "step": null, "ts": 1735503735.3167958}]}, "version": 81, "at": 1735503735.3168142}
{"obj": {"type": "LogStrings", "path": ["monitoring", "0642a341", "stderr"], "values": [{"value": "\n", "step": null, "ts": 1735503735.317024}]}, "version": 82, "at": 1735503735.317046}
{"obj": {"type": "LogStrings", "path": ["monitoring", "0642a341", "stderr"], "values": [{"value": "  File \"/Users/erwan/miniconda3/envs/segmentation_env/lib/python3.10/site-packages/torch/utils/data/dataloader.py\", line 1146, in _try_get_data\n", "step": null, "ts": 1735503735.31723}]}, "version": 83, "at": 1735503735.317257}
{"obj": {"type": "LogStrings", "path": ["monitoring", "0642a341", "stderr"], "values": [{"value": "    ", "step": null, "ts": 1735503735.317371}]}, "version": 84, "at": 1735503735.317413}
{"obj": {"type": "LogStrings", "path": ["monitoring", "0642a341", "stderr"], "values": [{"value": "raise RuntimeError(f'DataLoader worker (pid(s) {pids_str}) exited unexpectedly') from e", "step": null, "ts": 1735503735.317572}]}, "version": 85, "at": 1735503735.317601}
{"obj": {"type": "LogStrings", "path": ["monitoring", "0642a341", "stderr"], "values": [{"value": "\n", "step": null, "ts": 1735503735.317933}]}, "version": 86, "at": 1735503735.317972}
{"obj": {"type": "LogStrings", "path": ["monitoring", "0642a341", "stdout"], "values": [{"value": "[neptune] [info   ] Shutting down background jobs, please wait a moment...\n", "step": null, "ts": 1735503735.3188}]}, "version": 87, "at": 1735503735.318845}
{"obj": {"type": "LogStrings", "path": ["monitoring", "0642a341", "stderr"], "values": [{"value": "RuntimeError", "step": null, "ts": 1735503735.319081}]}, "version": 88, "at": 1735503735.319117}
{"obj": {"type": "LogStrings", "path": ["monitoring", "0642a341", "stderr"], "values": [{"value": ": ", "step": null, "ts": 1735503735.319256}]}, "version": 89, "at": 1735503735.319286}
{"obj": {"type": "LogStrings", "path": ["monitoring", "0642a341", "stderr"], "values": [{"value": "DataLoader worker (pid(s) 22421, 22422) exited unexpectedly", "step": null, "ts": 1735503735.319398}]}, "version": 90, "at": 1735503735.319422}
{"obj": {"type": "LogStrings", "path": ["monitoring", "0642a341", "stderr"], "values": [{"value": "\n", "step": null, "ts": 1735503735.319523}]}, "version": 91, "at": 1735503735.319577}
